[2019-07-18 13:30:08,019] multiqc                                            [DEBUG  ]  No MultiQC config found: /home/tfkillian/.local/lib/python2.7/site-packages/multiqc_config.yaml
[2019-07-18 13:30:08,019] multiqc                                            [DEBUG  ]  No MultiQC config found: /home/tfkillian/.multiqc_config.yaml
[2019-07-18 13:30:08,019] multiqc                                            [DEBUG  ]  No MultiQC config found: multiqc_config.yaml
[2019-07-18 13:30:08,019] multiqc                                            [DEBUG  ]  Command used: /home/tfkillian/.local/bin/multiqc data/
[2019-07-18 13:30:08,760] multiqc                                            [DEBUG  ]  Latest MultiQC version is v1.7
[2019-07-18 13:30:08,760] multiqc                                            [INFO   ]  This is MultiQC v1.7
[2019-07-18 13:30:08,760] multiqc                                            [DEBUG  ]  Command     : /home/tfkillian/.local/bin/multiqc data/
[2019-07-18 13:30:08,760] multiqc                                            [DEBUG  ]  Working dir : /home/tfkillian/tmp/2019-snakemake-ucdavis
[2019-07-18 13:30:08,761] multiqc                                            [INFO   ]  Template    : default
[2019-07-18 13:30:08,761] multiqc                                            [INFO   ]  Searching 'data/'
[2019-07-18 13:30:08,762] multiqc                                            [DEBUG  ]  Analysing modules: custom_content, conpair, peddy, methylQA, phantompeakqualtools, qualimap, preseq, quast, qorts, rna_seqc, rsem, rseqc, busco, goleft_indexcov, disambiguate, supernova, deeptools, sargasso, verifybamid, mirtrace, happy, homer, macs2, theta2, snpeff, gatk, htseq, bcftools, featureCounts, dedup, damageprofiler, picard, prokka, samblaster, samtools, bamtools, jellyfish, vcftools, longranger, stacks, bbmap, bismark, biscuit, hicexplorer, hicup, hicpro, salmon, kallisto, slamdunk, star, hisat2, tophat, bowtie2, bowtie1, kat, leehom, adapterRemoval, clipandmerge, cutadapt, flexbar, trimmomatic, skewer, sortmerna, biobloomtools, fastq_screen, afterqc, fastp, fastqc, minionqc, clusterflow, bcl2fastq, interop, flash
[2019-07-18 13:30:08,762] multiqc                                            [DEBUG  ]  Using temporary directory for creating report: /tmp/tmpdZgBqW
[2019-07-18 13:30:08,818] multiqc                                            [DEBUG  ]  Ignoring file as matched an ignore pattern: 6Hour_001_1.fq.gz
[2019-07-18 13:30:08,818] multiqc                                            [DEBUG  ]  Ignoring file as matched an ignore pattern: 0Hour_001_1_fastqc.html
[2019-07-18 13:30:08,818] multiqc                                            [DEBUG  ]  Ignoring file as matched an ignore pattern: 0Hour_001_2.fq.gz
[2019-07-18 13:30:08,819] multiqc                                            [DEBUG  ]  Ignoring file as matched an ignore pattern: 6Hour_002_1_fastqc.html
[2019-07-18 13:30:08,819] multiqc                                            [DEBUG  ]  Ignoring file as matched an ignore pattern: 6Hour_002_2.fq.gz
[2019-07-18 13:30:08,820] multiqc                                            [DEBUG  ]  Ignoring file as matched an ignore pattern: 6Hour_002_2_fastqc.html
[2019-07-18 13:30:08,820] multiqc                                            [DEBUG  ]  Ignoring file as matched an ignore pattern: 6Hour_001_1_fastqc.html
[2019-07-18 13:30:08,820] multiqc                                            [DEBUG  ]  Ignoring file as matched an ignore pattern: 0Hour_002_2.fq.gz
[2019-07-18 13:30:08,820] multiqc                                            [DEBUG  ]  Ignoring file as matched an ignore pattern: 0Hour_001_1.fq.gz
[2019-07-18 13:30:08,820] multiqc                                            [DEBUG  ]  Ignoring file as matched an ignore pattern: 6Hour_002_1.fq.gz
[2019-07-18 13:30:08,820] multiqc                                            [DEBUG  ]  Ignoring file as matched an ignore pattern: 0Hour_002_2_fastqc.html
[2019-07-18 13:30:08,820] multiqc                                            [DEBUG  ]  Ignoring file as matched an ignore pattern: 6Hour_001_2.fq.gz
[2019-07-18 13:30:08,821] multiqc                                            [DEBUG  ]  Ignoring file as matched an ignore pattern: 0Hour_002_1_fastqc.html
[2019-07-18 13:30:08,821] multiqc                                            [DEBUG  ]  Ignoring file as matched an ignore pattern: 0Hour_002_1.fq.gz
[2019-07-18 13:30:08,821] multiqc                                            [DEBUG  ]  Ignoring file as matched an ignore pattern: 0Hour_001_2_fastqc.html
[2019-07-18 13:30:08,821] multiqc                                            [DEBUG  ]  Ignoring file as matched an ignore pattern: 6Hour_001_2_fastqc.html
[2019-07-18 13:30:08,922] multiqc                                            [DEBUG  ]  No samples found: custom_content
[2019-07-18 13:30:08,924] multiqc                                            [DEBUG  ]  No samples found: conpair
[2019-07-18 13:30:08,926] multiqc                                            [DEBUG  ]  No samples found: peddy
[2019-07-18 13:30:08,928] multiqc                                            [DEBUG  ]  No samples found: methylQA
[2019-07-18 13:30:08,930] multiqc                                            [DEBUG  ]  No samples found: phantompeakqualtools
[2019-07-18 13:30:08,932] multiqc                                            [DEBUG  ]  No samples found: qualimap
[2019-07-18 13:30:08,934] multiqc                                            [DEBUG  ]  No samples found: preseq
[2019-07-18 13:30:08,936] multiqc                                            [DEBUG  ]  No samples found: quast
[2019-07-18 13:30:08,938] multiqc                                            [DEBUG  ]  No samples found: qorts
[2019-07-18 13:30:08,940] multiqc                                            [DEBUG  ]  No samples found: rna_seqc
[2019-07-18 13:30:08,942] multiqc                                            [DEBUG  ]  No samples found: rsem
[2019-07-18 13:30:08,944] multiqc                                            [DEBUG  ]  No samples found: rseqc
[2019-07-18 13:30:08,946] multiqc                                            [DEBUG  ]  No samples found: busco
[2019-07-18 13:30:08,948] multiqc                                            [DEBUG  ]  No samples found: goleft_indexcov
[2019-07-18 13:30:08,950] multiqc                                            [DEBUG  ]  No samples found: disambiguate
[2019-07-18 13:30:08,952] multiqc                                            [DEBUG  ]  No samples found: supernova
[2019-07-18 13:30:08,954] multiqc                                            [DEBUG  ]  No samples found: deeptools
[2019-07-18 13:30:08,956] multiqc                                            [DEBUG  ]  No samples found: sargasso
[2019-07-18 13:30:08,958] multiqc                                            [DEBUG  ]  No samples found: verifybamid
[2019-07-18 13:30:08,960] multiqc                                            [DEBUG  ]  No samples found: mirtrace
[2019-07-18 13:30:08,961] multiqc                                            [DEBUG  ]  No samples found: happy
[2019-07-18 13:30:08,963] multiqc                                            [DEBUG  ]  No samples found: homer
[2019-07-18 13:30:08,965] multiqc                                            [DEBUG  ]  No samples found: macs2
[2019-07-18 13:30:08,967] multiqc                                            [DEBUG  ]  No samples found: theta2
[2019-07-18 13:30:08,969] multiqc                                            [DEBUG  ]  No samples found: snpeff
[2019-07-18 13:30:08,971] multiqc                                            [DEBUG  ]  No samples found: gatk
[2019-07-18 13:30:08,973] multiqc                                            [DEBUG  ]  No samples found: htseq
[2019-07-18 13:30:08,975] multiqc                                            [DEBUG  ]  No samples found: bcftools
[2019-07-18 13:30:08,976] multiqc                                            [DEBUG  ]  No samples found: featureCounts
[2019-07-18 13:30:08,978] multiqc                                            [DEBUG  ]  No samples found: dedup
[2019-07-18 13:30:08,980] multiqc                                            [DEBUG  ]  No samples found: damageprofiler
[2019-07-18 13:30:08,983] multiqc                                            [DEBUG  ]  No samples found: picard
[2019-07-18 13:30:08,985] multiqc                                            [DEBUG  ]  No samples found: prokka
[2019-07-18 13:30:08,986] multiqc                                            [DEBUG  ]  No samples found: samblaster
[2019-07-18 13:30:08,988] multiqc                                            [DEBUG  ]  No samples found: samtools
[2019-07-18 13:30:08,990] multiqc                                            [DEBUG  ]  No samples found: bamtools
[2019-07-18 13:30:08,992] multiqc                                            [DEBUG  ]  No samples found: jellyfish
[2019-07-18 13:30:08,994] multiqc                                            [DEBUG  ]  No samples found: vcftools
[2019-07-18 13:30:08,996] multiqc                                            [DEBUG  ]  No samples found: longranger
[2019-07-18 13:30:08,998] multiqc                                            [DEBUG  ]  No samples found: stacks
[2019-07-18 13:30:09,000] multiqc                                            [DEBUG  ]  No samples found: bbmap
[2019-07-18 13:30:09,002] multiqc                                            [DEBUG  ]  No samples found: bismark
[2019-07-18 13:30:09,004] multiqc                                            [DEBUG  ]  No samples found: biscuit
[2019-07-18 13:30:09,006] multiqc                                            [DEBUG  ]  No samples found: hicexplorer
[2019-07-18 13:30:09,008] multiqc                                            [DEBUG  ]  No samples found: hicup
[2019-07-18 13:30:09,010] multiqc                                            [DEBUG  ]  No samples found: hicpro
[2019-07-18 13:30:09,011] multiqc                                            [DEBUG  ]  No samples found: salmon
[2019-07-18 13:30:09,013] multiqc                                            [DEBUG  ]  No samples found: kallisto
[2019-07-18 13:30:09,015] multiqc                                            [DEBUG  ]  No samples found: slamdunk
[2019-07-18 13:30:09,017] multiqc                                            [DEBUG  ]  No samples found: star
[2019-07-18 13:30:09,019] multiqc                                            [DEBUG  ]  No samples found: hisat2
[2019-07-18 13:30:09,021] multiqc                                            [DEBUG  ]  No samples found: tophat
[2019-07-18 13:30:09,023] multiqc                                            [DEBUG  ]  No samples found: bowtie2
[2019-07-18 13:30:09,025] multiqc                                            [DEBUG  ]  No samples found: bowtie1
[2019-07-18 13:30:09,027] multiqc                                            [DEBUG  ]  No samples found: kat
[2019-07-18 13:30:09,028] multiqc                                            [DEBUG  ]  No samples found: leehom
[2019-07-18 13:30:09,030] multiqc                                            [DEBUG  ]  No samples found: adapterRemoval
[2019-07-18 13:30:09,032] multiqc                                            [DEBUG  ]  No samples found: clipandmerge
[2019-07-18 13:30:09,034] multiqc                                            [DEBUG  ]  No samples found: cutadapt
[2019-07-18 13:30:09,036] multiqc                                            [DEBUG  ]  No samples found: flexbar
[2019-07-18 13:30:09,038] multiqc                                            [DEBUG  ]  No samples found: trimmomatic
[2019-07-18 13:30:09,040] multiqc                                            [DEBUG  ]  No samples found: skewer
[2019-07-18 13:30:09,042] multiqc                                            [DEBUG  ]  No samples found: sortmerna
[2019-07-18 13:30:09,044] multiqc                                            [DEBUG  ]  No samples found: biobloomtools
[2019-07-18 13:30:09,046] multiqc                                            [DEBUG  ]  No samples found: fastq_screen
[2019-07-18 13:30:09,048] multiqc                                            [DEBUG  ]  No samples found: afterqc
[2019-07-18 13:30:09,050] multiqc                                            [DEBUG  ]  No samples found: fastp
[2019-07-18 13:30:09,121] multiqc.modules.fastqc.fastqc                      [INFO   ]  Found 8 reports
[2019-07-18 13:30:09,340] multiqc                                            [DEBUG  ]  No samples found: minionqc
[2019-07-18 13:30:09,342] multiqc                                            [DEBUG  ]  No samples found: clusterflow
[2019-07-18 13:30:09,344] multiqc                                            [DEBUG  ]  No samples found: bcl2fastq
[2019-07-18 13:30:09,346] multiqc                                            [DEBUG  ]  No samples found: interop
[2019-07-18 13:30:09,347] multiqc                                            [DEBUG  ]  No samples found: flash
[2019-07-18 13:30:09,354] multiqc                                            [INFO   ]  Compressing plot data
[2019-07-18 13:30:09,530] multiqc                                            [INFO   ]  Report      : multiqc_report.html
[2019-07-18 13:30:09,530] multiqc                                            [INFO   ]  Data        : multiqc_data
[2019-07-18 13:30:09,530] multiqc                                            [DEBUG  ]  Moving data file from '/tmp/tmpdZgBqW/multiqc_data/multiqc_sources.txt' to '/home/tfkillian/tmp/2019-snakemake-ucdavis/multiqc_data'
[2019-07-18 13:30:09,530] multiqc                                            [DEBUG  ]  Moving data file from '/tmp/tmpdZgBqW/multiqc_data/multiqc_general_stats.txt' to '/home/tfkillian/tmp/2019-snakemake-ucdavis/multiqc_data'
[2019-07-18 13:30:09,530] multiqc                                            [DEBUG  ]  Moving data file from '/tmp/tmpdZgBqW/multiqc_data/multiqc_fastqc.txt' to '/home/tfkillian/tmp/2019-snakemake-ucdavis/multiqc_data'
[2019-07-18 13:30:09,530] multiqc                                            [DEBUG  ]  Moving data file from '/tmp/tmpdZgBqW/multiqc_data/multiqc_data.json' to '/home/tfkillian/tmp/2019-snakemake-ucdavis/multiqc_data'
[2019-07-18 13:30:09,590] multiqc                                            [INFO   ]  MultiQC complete
